==============================================================================
20170205 17:24:44.560 - INFO - + START SUITE: Acceptancetest [ ]
==============================================================================
20170205 17:24:44.959 - INFO - +- START SUITE: Acceptancetest.CSV-JSONConversion [ ]
==============================================================================
20170205 17:24:44.975 - INFO - +-- START TEST: CSV to JSON to CSV Yields Original [ ]
------------------------------------------------------------------------------
20170205 17:24:44.991 - INFO - +--- START KW: OperatingSystem.Get File [ src/test/resources/grades.csv ]
20170205 17:24:44.991 - INFO - ${contents} = "ID","Total","Assignment 1","Assignment 2","Exam 1"
"111278","611","146","128","337"
"111352","867","227","228","412"
"111373","461","96","90","275"
"111305","835","220","217","398"
"111399","898","22...
20170205 17:24:44.991 - INFO - +--- END KW: OperatingSystem.Get File (0)
~~~~~~~~~~~~~~~~~~~~~~~~~~~~~~~~~~~~~~~~~~~~~~~~~~~~~~~~~~~~~~~~~~~~~~~~~~~~~~
20170205 17:24:44.991 - INFO - +--- START KW: keywords.CSVJSONKeywords.Convert To Json [ ${contents} ]
20170205 17:24:45.006 - INFO - ${json} = {"rowHeaders":["111278","111352","111373","111305","111399","111160","111276","111241"],"data":[[611,146,128,337],[867,227,228,412],[461,96,90,275],[835,220,217,398],[898,226,229,443],[454,77,125,252]...
20170205 17:24:45.022 - INFO - +--- END KW: keywords.CSVJSONKeywords.Convert To Json (31)
~~~~~~~~~~~~~~~~~~~~~~~~~~~~~~~~~~~~~~~~~~~~~~~~~~~~~~~~~~~~~~~~~~~~~~~~~~~~~~
20170205 17:24:45.022 - INFO - +--- START KW: keywords.CSVJSONKeywords.Convert To Csv [ ${json} ]
20170205 17:24:45.037 - INFO - ${csv} = "ID","Total","Assignment 1","Assignment 2","Exam 1"
"111278","611","146","128","337"
"111352","867","227","228","412"
"111373","461","96","90","275"
"111305","835","220","217","398"
"111399","898","22...
20170205 17:24:45.037 - INFO - +--- END KW: keywords.CSVJSONKeywords.Convert To Csv (15)
~~~~~~~~~~~~~~~~~~~~~~~~~~~~~~~~~~~~~~~~~~~~~~~~~~~~~~~~~~~~~~~~~~~~~~~~~~~~~~
20170205 17:24:45.037 - INFO - +--- START KW: BuiltIn.Should Be Equal [ ${contents} | ${csv} ]
20170205 17:24:45.037 - INFO - +--- END KW: BuiltIn.Should Be Equal (0)
------------------------------------------------------------------------------
20170205 17:24:45.053 - INFO - +-- END TEST: CSV to JSON to CSV Yields Original (62)
------------------------------------------------------------------------------
20170205 17:24:45.053 - INFO - +-- START TEST: JSON to CSV to JSON Yields Original [ ]
------------------------------------------------------------------------------
20170205 17:24:45.053 - INFO - +--- START KW: OperatingSystem.Get File [ src/test/resources/grades.json ]
20170205 17:24:45.069 - INFO - ${contents} = {
    "colHeaders":["Total","Assignment 1","Assignment 2","Exam 1"],
    "rowHeaders":["111278","111352","111373","111305","111399","111160","111276","111241"],
    "data":[[611,146,128,337],
        ...
20170205 17:24:45.069 - INFO - +--- END KW: OperatingSystem.Get File (16)
~~~~~~~~~~~~~~~~~~~~~~~~~~~~~~~~~~~~~~~~~~~~~~~~~~~~~~~~~~~~~~~~~~~~~~~~~~~~~~
20170205 17:24:45.069 - INFO - +--- START KW: keywords.CSVJSONKeywords.Convert To Csv [ ${contents} ]
20170205 17:24:45.084 - INFO - ${csv} = "ID","Total","Assignment 1","Assignment 2","Exam 1"
"111278","611","146","128","337"
"111352","867","227","228","412"
"111373","461","96","90","275"
"111305","835","220","217","398"
"111399","898","22...
20170205 17:24:45.084 - INFO - +--- END KW: keywords.CSVJSONKeywords.Convert To Csv (15)
~~~~~~~~~~~~~~~~~~~~~~~~~~~~~~~~~~~~~~~~~~~~~~~~~~~~~~~~~~~~~~~~~~~~~~~~~~~~~~
20170205 17:24:45.084 - INFO - +--- START KW: keywords.CSVJSONKeywords.Convert To Json [ ${csv} ]
20170205 17:24:45.100 - INFO - ${json} = {"rowHeaders":["111278","111352","111373","111305","111399","111160","111276","111241"],"data":[[611,146,128,337],[867,227,228,412],[461,96,90,275],[835,220,217,398],[898,226,229,443],[454,77,125,252]...
20170205 17:24:45.100 - INFO - +--- END KW: keywords.CSVJSONKeywords.Convert To Json (16)
~~~~~~~~~~~~~~~~~~~~~~~~~~~~~~~~~~~~~~~~~~~~~~~~~~~~~~~~~~~~~~~~~~~~~~~~~~~~~~
20170205 17:24:45.100 - INFO - +--- START KW: keywords.CSVJSONKeywords.Json Strings Are Equal [ ${contents} | ${json} ]
20170205 17:24:45.100 - INFO - ${same} = True
20170205 17:24:45.100 - INFO - +--- END KW: keywords.CSVJSONKeywords.Json Strings Are Equal (0)
~~~~~~~~~~~~~~~~~~~~~~~~~~~~~~~~~~~~~~~~~~~~~~~~~~~~~~~~~~~~~~~~~~~~~~~~~~~~~~
20170205 17:24:45.100 - INFO - +--- START KW: BuiltIn.Should Be True [ ${same} ]
20170205 17:24:45.116 - INFO - +--- END KW: BuiltIn.Should Be True (16)
------------------------------------------------------------------------------
20170205 17:24:45.131 - INFO - +-- END TEST: JSON to CSV to JSON Yields Original (63)
------------------------------------------------------------------------------
20170205 17:24:45.147 - INFO - +- END SUITE: Acceptancetest.CSV-JSONConversion (571)
==============================================================================
20170205 17:24:45.162 - INFO - + END SUITE: Acceptancetest (899)
==============================================================================
